[09:13:25] [main/WARN]: Ambiguity between arguments [teleport, location] and [teleport, destination] with inputs: [0.1 -0.5 .9, 0 0 0]
[09:13:25] [main/WARN]: Ambiguity between arguments [teleport, location] and [teleport, targets] with inputs: [0.1 -0.5 .9, 0 0 0]
[09:13:25] [main/WARN]: Ambiguity between arguments [teleport, targets] and [teleport, destination] with inputs: [Player, 0123, dd12be42-52a9-4a91-a8a1-11c01849e498]
[09:13:25] [main/WARN]: Ambiguity between arguments [teleport, targets, location] and [teleport, targets, destination] with inputs: [0.1 -0.5 .9, 0 0 0]
[09:13:25] [Server thread/INFO]: Starting minecraft server version 1.15.2
[09:13:25] [Server thread/INFO]: Loading properties
[09:13:25] [Server thread/INFO]: Default game type: SURVIVAL
[09:13:25] [Server thread/INFO]: Generating keypair
[09:13:25] [Server thread/INFO]: Starting Minecraft server on *:19190
[09:13:25] [Server thread/INFO]: Using default channel type
[09:13:26] [Server thread/WARN]: **** SERVER IS RUNNING IN OFFLINE/INSECURE MODE!
[09:13:26] [Server thread/WARN]: The server will make no attempt to authenticate usernames. Beware.
[09:13:26] [Server thread/WARN]: While this makes the game possible to play without internet access, it also opens up the ability for hackers to connect with any username they choose.
[09:13:26] [Server thread/WARN]: To change this, set "online-mode" to "true" in the server.properties file.
[09:13:26] [Server thread/INFO]: Preparing level "world"
[09:13:27] [Server thread/INFO]: Found new data pack vanilla, loading it automatically
[09:13:27] [Server thread/INFO]: Reloading ResourceManager: Default
[09:13:27] [Server thread/INFO]: Loaded 6 recipes
[09:13:28] [Server thread/INFO]: Loaded 825 advancements
[09:13:33] [Server thread/INFO]: Preparing start region for dimension minecraft:overworld
[09:13:33] [Server-Worker-5/INFO]: Preparing spawn area: 0%
[09:13:33] [Server-Worker-1/INFO]: Preparing spawn area: 0%
[09:13:34] [Server-Worker-6/INFO]: Preparing spawn area: 0%
[09:13:34] [Server-Worker-4/INFO]: Preparing spawn area: 5%
[09:13:35] [Server-Worker-6/INFO]: Preparing spawn area: 8%
[09:13:35] [Server-Worker-4/INFO]: Preparing spawn area: 12%
[09:13:36] [Server-Worker-7/INFO]: Preparing spawn area: 15%
[09:13:36] [Server-Worker-5/INFO]: Preparing spawn area: 16%
[09:13:37] [Server-Worker-1/INFO]: Preparing spawn area: 21%
[09:13:37] [Server-Worker-4/INFO]: Preparing spawn area: 29%
[09:13:38] [Server-Worker-5/INFO]: Preparing spawn area: 36%
[09:13:38] [Server-Worker-7/INFO]: Preparing spawn area: 38%
[09:13:39] [Server-Worker-5/INFO]: Preparing spawn area: 47%
[09:13:39] [Server-Worker-6/INFO]: Preparing spawn area: 51%
[09:13:40] [Server-Worker-5/INFO]: Preparing spawn area: 51%
[09:13:40] [Server-Worker-1/INFO]: Preparing spawn area: 51%
[09:13:41] [Server-Worker-6/INFO]: Preparing spawn area: 66%
[09:13:41] [Server-Worker-1/INFO]: Preparing spawn area: 72%
[09:13:42] [Server-Worker-3/INFO]: Preparing spawn area: 72%
[09:13:42] [Server-Worker-6/INFO]: Preparing spawn area: 83%
[09:13:43] [Server-Worker-3/INFO]: Preparing spawn area: 89%
[09:13:44] [Server-Worker-2/INFO]: Preparing spawn area: 94%
[09:13:44] [Server-Worker-3/INFO]: Preparing spawn area: 94%
[09:13:44] [Server thread/INFO]: Time elapsed: 11046 ms
[09:13:44] [Server thread/INFO]: Done (17.545s)! For help, type "help"
